<?xml version="1.0" encoding="UTF-8"?>
<testsuite name="de.makeit.ai.TrainingServiceTest" tests="1" skipped="0" failures="0" errors="0" timestamp="2021-02-26T11:29:15" hostname="NDJAMEN" time="391.453">
  <properties/>
  <testcase name="trainingServiceTest()" classname="de.makeit.ai.TrainingServiceTest" time="391.453"/>
  <system-out><![CDATA[SslSettings{enabled=false, invalidHostNameAllowed=false, context=null}
2021-02-26 12:29:15.402 [Test worker] INFO  org.mongodb.driver.cluster - Cluster created with settings {hosts=[127.0.0.1:27017], mode=SINGLE, requiredClusterType=UNKNOWN, serverSelectionTimeout='30000 ms'}
2021-02-26 12:29:15.441 [Test worker] DEBUG org.mongodb.driver.cluster - Updating cluster description to  {type=UNKNOWN, servers=[{address=127.0.0.1:27017, type=UNKNOWN, state=CONNECTING}]
2021-02-26 12:29:15.519 [cluster-ClusterId{value='6038db8bf7a6273b77bb7ac0', description='null'}-127.0.0.1:27017] INFO  org.mongodb.driver.connection - Opened connection [connectionId{localValue:1, serverValue:11}] to 127.0.0.1:27017
2021-02-26 12:29:15.520 [cluster-ClusterId{value='6038db8bf7a6273b77bb7ac0', description='null'}-127.0.0.1:27017] DEBUG org.mongodb.driver.cluster - Checking status of 127.0.0.1:27017
2021-02-26 12:29:15.560 [cluster-ClusterId{value='6038db8bf7a6273b77bb7ac0', description='null'}-127.0.0.1:27017] DEBUG org.mongodb.driver.protocol.command - Sending command '{"ismaster": 1, "$db": "admin"}' with request id 2 to database admin on connection [connectionId{localValue:1, serverValue:11}] to server 127.0.0.1:27017
2021-02-26 12:29:15.563 [cluster-ClusterId{value='6038db8bf7a6273b77bb7ac0', description='null'}-127.0.0.1:27017] DEBUG org.mongodb.driver.protocol.command - Execution of command with request id 2 completed successfully in 36.13 ms on connection [connectionId{localValue:1, serverValue:11}] to server 127.0.0.1:27017
2021-02-26 12:29:15.565 [cluster-ClusterId{value='6038db8bf7a6273b77bb7ac0', description='null'}-127.0.0.1:27017] INFO  org.mongodb.driver.cluster - Monitor thread successfully connected to server with description ServerDescription{address=127.0.0.1:27017, type=STANDALONE, state=CONNECTED, ok=true, minWireVersion=0, maxWireVersion=8, maxDocumentSize=16777216, logicalSessionTimeoutMinutes=30, roundTripTimeNanos=43183100}
2021-02-26 12:29:15.567 [cluster-ClusterId{value='6038db8bf7a6273b77bb7ac0', description='null'}-127.0.0.1:27017] DEBUG org.mongodb.driver.cluster - Updating cluster description to  {type=STANDALONE, servers=[{address=127.0.0.1:27017, type=STANDALONE, roundTripTime=43.2 ms, state=CONNECTED}]
2021-02-26 12:29:15.661 [Test worker @coroutine#1] TRACE org.mongodb.driver.connection - Checked out connection [connectionId{localValue:2}] to server 127.0.0.1:27017
2021-02-26 12:29:15.664 [Test worker @coroutine#1] INFO  org.mongodb.driver.connection - Opened connection [connectionId{localValue:2, serverValue:12}] to 127.0.0.1:27017
2021-02-26 12:29:15.669 [Test worker @coroutine#1] DEBUG org.mongodb.driver.operation - retryWrites set to true but the server is a standalone server.
2021-02-26 12:29:15.688 [Test worker @coroutine#1] DEBUG org.mongodb.driver.protocol.command - Sending command '{"insert": "training_value", "ordered": true, "$db": "training_center", "documents": [{"_id": {"$oid": "6038db8bf7a6273b77bb7ac1"}, "chatbot_key": "AVBIJUB-C6SSMFB-M4AUO4NA-MMHMKMT", "skill_id": "bc3842a3-ff9e-4b26-84b6-76b352063f16", "api_endpoint": "https://api.eu-de.assistant.watson.cloud.ibm.com", "assistant_key": "-oMRNlYmm5DZni5BDSEFCNclPiOfp9UpSHDw8-CeI66C", "assistant_version": "2020-04-01", "intent_example": "Wer ist dein Ersteller?", "deleted": false, "created_on": {"date": {"year": 2021, "month": 2, "day": 26}, "time": {"hour": 12, "minute": 29, "second": 15, "nano": 624000000}}, "edited_on": {"date": {"year": 2021, "month": 2, "day": 26}, "time": {"hour": 12, "minute": 29, "second": 15, "nano": 626000000}}}]}' with request id 4 to database training_center on connection [connectionId{localValue:2, serverValue:12}] to server 127.0.0.1:27017
2021-02-26 12:29:15.689 [Test worker @coroutine#1] DEBUG org.mongodb.driver.protocol.command - Execution of command with request id 4 completed successfully in 4.58 ms on connection [connectionId{localValue:2, serverValue:12}] to server 127.0.0.1:27017
2021-02-26 12:29:15.694 [Test worker @coroutine#1] TRACE org.mongodb.driver.connection - Checked in connection [connectionId{localValue:2, serverValue:12}] to server 127.0.0.1:27017
2021-02-26 12:35:46.932 [cluster-ClusterId{value='6038db8bf7a6273b77bb7ac0', description='null'}-127.0.0.1:27017] DEBUG org.mongodb.driver.cluster - Checking status of 127.0.0.1:27017
2021-02-26 12:35:46.936 [cluster-ClusterId{value='6038db8bf7a6273b77bb7ac0', description='null'}-127.0.0.1:27017] DEBUG org.mongodb.driver.protocol.command - Sending command '{"ismaster": 1, "$db": "admin"}' with request id 5 to database admin on connection [connectionId{localValue:1, serverValue:11}] to server 127.0.0.1:27017
2021-02-26 12:35:46.941 [cluster-ClusterId{value='6038db8bf7a6273b77bb7ac0', description='null'}-127.0.0.1:27017] DEBUG org.mongodb.driver.protocol.command - Execution of command with request id 5 completed successfully in 4.48 ms on connection [connectionId{localValue:1, serverValue:11}] to server 127.0.0.1:27017
2021-02-26 12:35:46.943 [cluster-ClusterId{value='6038db8bf7a6273b77bb7ac0', description='null'}-127.0.0.1:27017] DEBUG org.mongodb.driver.cluster - Updating cluster description to  {type=STANDALONE, servers=[{address=127.0.0.1:27017, type=STANDALONE, roundTripTime=35.7 ms, state=CONNECTED}]
2021-02-26 12:35:46.959 [Test worker @coroutine#1] TRACE org.mongodb.driver.connection - Checked out connection [connectionId{localValue:2, serverValue:12}] to server 127.0.0.1:27017
2021-02-26 12:35:46.959 [Test worker @coroutine#1] DEBUG org.mongodb.driver.operation - retryWrites set to true but the server is a standalone server.
2021-02-26 12:35:46.961 [Test worker @coroutine#1] DEBUG org.mongodb.driver.protocol.command - Sending command '{"delete": "training_value", "ordered": true, "$db": "training_center", "deletes": [{"q": {"_id": {"$oid": "6038db8bf7a6273b77bb7ac1"}}, "limit": 1}]}' with request id 6 to database training_center on connection [connectionId{localValue:2, serverValue:12}] to server 127.0.0.1:27017
2021-02-26 12:35:46.962 [Test worker @coroutine#1] DEBUG org.mongodb.driver.protocol.command - Execution of command with request id 6 completed successfully in 2.37 ms on connection [connectionId{localValue:2, serverValue:12}] to server 127.0.0.1:27017
2021-02-26 12:35:46.963 [Test worker @coroutine#1] TRACE org.mongodb.driver.connection - Checked in connection [connectionId{localValue:2, serverValue:12}] to server 127.0.0.1:27017
]]></system-out>
  <system-err><![CDATA[]]></system-err>
</testsuite>
